  constants.cpp
  ball.cpp
C:\Users\Aula 2\Desktop\LePong\LePong\src\entities\ball.cpp(4,10): fatal error C1083: No se puede abrir el archivo incluir: 'utils.h': No such file or directory
  paddle.cpp
C:\Users\Aula 2\Desktop\LePong\LePong\src\entities\paddle.cpp(4,10): fatal error C1083: No se puede abrir el archivo incluir: 'utils.h': No such file or directory
  player.cpp
C:\Users\Aula 2\Desktop\LePong\LePong\src\entities\player.cpp : fatal error C1041: no puede abrir la base de datos de programa 'C:\Users\Aula 2\Desktop\LePong\obj\Release\vc142.pdb'. Si varios CL.EXE escriben en el mismo archivo .PDB, use /FS.
  powerUp.cpp
C:\Users\Aula 2\Desktop\LePong\LePong\src\entities\powerUp.cpp(2,10): fatal error C1083: No se puede abrir el archivo incluir: 'utils.h': No such file or directory
  game.cpp
C:\Users\Aula 2\Desktop\LePong\LePong\src\game.cpp : fatal error C1041: no puede abrir la base de datos de programa 'C:\Users\Aula 2\Desktop\LePong\obj\Release\vc142.pdb'. Si varios CL.EXE escriben en el mismo archivo .PDB, use /FS.
  main.cpp
  credits.cpp
C:\Users\Aula 2\Desktop\LePong\LePong\src\screens\credits.h(4,10): fatal error C1083: No se puede abrir el archivo incluir: 'screens.h': No such file or directory
  gameplay.cpp
C:\Users\Aula 2\Desktop\LePong\LePong\src\screens\gameplay.cpp(1,10): warning C4067: símbolos (token) inesperados después de la directiva del preprocesador; se esperaba una nueva línea
C:\Users\Aula 2\Desktop\LePong\LePong\src\screens\gameplay.cpp(1,10): fatal error C1083: No se puede abrir el archivo incluir: 'utils.h': No such file or directory
  menu.cpp
C:\Users\Aula 2\Desktop\LePong\LePong\src\screens\menu.cpp(2,10): fatal error C1083: No se puede abrir el archivo incluir: 'utils.h': No such file or directory
  timer.cpp
C:\Users\Aula 2\Desktop\LePong\LePong\src\timer.cpp : fatal error C1041: no puede abrir la base de datos de programa 'C:\Users\Aula 2\Desktop\LePong\obj\Release\vc142.pdb'. Si varios CL.EXE escriben en el mismo archivo .PDB, use /FS.
  utils.cpp
